[debug] [2022-01-07T22:52:49.706Z] ----------------------------------------------------------------------
[debug] [2022-01-07T22:52:49.709Z] Command:       C:\Program Files\nodejs\node.exe C:\Users\Mohona\AppData\Roaming\npm\node_modules\firebase-tools\lib\bin\firebase.js init
[debug] [2022-01-07T22:52:49.709Z] CLI Version:   10.0.1
[debug] [2022-01-07T22:52:49.710Z] Platform:      win32
[debug] [2022-01-07T22:52:49.710Z] Node Version:  v14.17.0
[debug] [2022-01-07T22:52:50.016Z] Time:          Fri Jan 07 2022 22:52:49 GMT+0000 (Greenwich Mean Time)
[debug] [2022-01-07T22:52:50.016Z] ----------------------------------------------------------------------
[debug] 
[debug] [2022-01-07T22:52:50.020Z] >>> [apiv2][query] GET https://firebase-public.firebaseio.com/cli.json [none]
[debug] [2022-01-07T22:52:50.133Z] > command requires scopes: ["email","openid","https://www.googleapis.com/auth/cloudplatformprojects.readonly","https://www.googleapis.com/auth/firebase","https://www.googleapis.com/auth/cloud-platform"]
[debug] [2022-01-07T22:52:50.133Z] > authorizing via signed-in user (sharfasorwar@gmail.com)
[info] 
     ######## #### ########  ######## ########     ###     ######  ########
     ##        ##  ##     ## ##       ##     ##  ##   ##  ##       ##
     ######    ##  ########  ######   ########  #########  ######  ######
     ##        ##  ##    ##  ##       ##     ## ##     ##       ## ##
     ##       #### ##     ## ######## ########  ##     ##  ######  ########

You're about to initialize a Firebase project in this directory:

  C:\Users\Mohona\Desktop\Coding\react-apps\react-bakery-app\react-bakery-clone

Before we get started, keep in mind:

  * You are initializing within an existing Firebase project directory

